Temp data dir is : /scratch/users/ali39@jhu.edu/data/dnn/temp/test_2dcnn_fragility_notnorm_v3/
Output data dir is: /scratch/users/ali39@jhu.edu/data/dnn/output/test_2dcnn_fragility_notnorm_v3/
Train data dir is: /scratch/users/ali39@jhu.edu/data/dnn/
2
/scratch/users/ali39@jhu.edu/dnn-unsupervised
Running training model

/scratch/users/ali39@jhu.edu/dnn-unsupervisedCreated VGG12 Style CNN_________________________________________________________________
Layer (type)                 Output Shape              Param #   
=================================================================
input_1 (InputLayer)         (None, 32, 32, 1)         0         
_________________________________________________________________
conv2d_1 (Conv2D)            (None, 30, 30, 32)        320       
_________________________________________________________________
conv2d_2 (Conv2D)            (None, 28, 28, 32)        9248      
_________________________________________________________________
conv2d_3 (Conv2D)            (None, 26, 26, 32)        9248      
_________________________________________________________________
conv2d_4 (Conv2D)            (None, 24, 24, 32)        9248      
_________________________________________________________________
max_pooling2d_1 (MaxPooling2 (None, 12, 12, 32)        0         
_________________________________________________________________
conv2d_5 (Conv2D)            (None, 10, 10, 64)        18496     
_________________________________________________________________
conv2d_6 (Conv2D)            (None, 8, 8, 64)          36928     
_________________________________________________________________
max_pooling2d_2 (MaxPooling2 (None, 4, 4, 64)          0         
_________________________________________________________________
conv2d_7 (Conv2D)            (None, 2, 2, 128)         73856     
_________________________________________________________________
max_pooling2d_3 (MaxPooling2 (None, 1, 1, 128)         0         
_________________________________________________________________
flatten_1 (Flatten)          (None, 128)               0         
_________________________________________________________________
dropout_1 (Dropout)          (None, 128)               0         
_________________________________________________________________
dense_1 (Dense)              (None, 512)               66048     
_________________________________________________________________
dropout_2 (Dropout)          (None, 512)               0         
_________________________________________________________________
dense_2 (Dense)              (None, 2)                 1026      
=================================================================
Total params: 224,418
Trainable params: 224,418
Non-trainable params: 0
_________________________________________________________________
None
None
model input shape is:  (None, 32, 32, 1)
['image_tensor', 'metadata']


 Images and ylabels shapes are: 

(57560, 32, 32, 1)
(57560, 2)


(57560, 32, 32, 1)
Using real-time data augmentation.
[  0   1   2   3   4   5   6   7   8   9  10  11  12  13  14  15  16  17
  18  19  20  21  22  23  24  25  26  27  28  29  30  31  32  33  34  35
  36  37  38  39  40  41  42  43  44  45  46  47  48  49  50  51  52  53
  54  55  56  57  58  59  60  61  62  63  64  65  66  67  68  69  70  71
  72  73  74  75  76  77  78  79  80  81  82  83  84  85  86  87  88  89
  90  91  92  93  94  95  96  97  98  99 100 101 102 103 104 105 106 107
 108 109 110 111 112 113 114 115 116 117 118 119 120 121 122 123 124 125
 126 127 128 129 130 131 132 133 134 135 136 137 138 139 140 141 142 143
 144 145 146 147 148 149 150 151 152 153 154 155 156 157 158 159 160 161
 162 163 164 165 166 167 168 169 170 171 172 173 174 175 176 177 178 179
 180 181 182 183 184 185 186 187 188 189 190 191 192 193 194 195 196 197
 198 199 200 201 202 203 204 205 206 207 208 209 210 211 212 213 214 215
 216 217 218 219 220 221 222 223 224 225 226 227 228 229 230 231 232 233
 234 235 236 237 238 239 240 241 242 243 244 245 246 247 248 249 250 251
 252 253 254 255 256 257 258 259 260 261 262 263 264 265 266 267 268 269
 270 271 272 273 274 275 276 277 278 279 280 281 282 283 284 285 286 287
 288 289 290 291 292 293 294 295 296 297 298 299 300 301 302 303 304 305
 306 307 308 309 310 311 312 313 314 315 316 317 318 319 320 321 322 323
 324 325 326 327 328 329 330 331 332 333 334 335 336 337 338 339 340 341
 342 343 344 345 346 347 348 349 350 351 352 353 354 355 356 357 358 359
 360 361 362 363 364 365 366 367 368 369 370 371 372 373 374 375 376 377
 378 379 380 381 382 383 384 385 386 387 388 389 390 391 392 393 394 395
 396 397 398 399 400 401 402 403 404 405]
[1383 1384 1385 1386 1387 1388 1389 1390 1391 1392 1393 1394 1395 1396
 1397 1398 1399 1400 1401 1402 1403 1404 1405 1406 1407 1408 1409 1410
 1411 1412 1413 1414 1415 1416 1417 1418 1419 1420 1421 1422 1423 1424
 1425 1426 1427 1428 1429 1430 1431 1432 1433 1434 1435 1436 1437 1438
 1439 1440 1441 1442 1443 1444 1445 1446 1447 1448 1449 1450 1451 1452
 1453 1454 1455 1456 1457 1458 1459 1460 1461 1462 1463 1464 1465 1466
 1467 1468 1469 1470 1471 1472 1473 1474 1475 1476 1477 1478 1479 1480
 1481 1482 1483 1484 1485 1486 1487 1488 1489 1490 1491 1492 1493 1494
 1495 1496 1497 1498 1499 1500 1501 1502 1503 1504 1505 1506 1507 1508
 1509 1510 1511 1512 1513 1514 1515 1516 1517 1518 1519 1520 1521 1522
 1523 1524 1525 1526 1527 1528 1529 1530 1531 1532 1533 1534 1535 1536
 1537 1538 1539 1540 1541 1542 1543 1544 1545 1546 1547 1548 1549 1550
 1551 1552 1553 1554 1555 1556 1557 1558 1559 1560 1561 1562 1563 1564
 1565 1566 1567 1568 1569 1570 1571 1572 1573 1574 1575 1576 1577 1578
 1579 1580 1581 1582 1583 1584 1585 1586 1587 1588 1589 1590 1591 1592
 1593 1594 1595 1596 1597 1598 1599 1600 1601 1602 1603 1604 1605 1606
 1607 1608 1609 1610 1611 1612 1613 1614 1615 1616 1617 1618 1619 1620
 1621 1622 1623 1624 1625 1626 1627 1628 1629 1630 1631 1632 1633 1634
 1635 1636 1637 1638 1639 1640 1641 1642 1643 1644 1645 1646 1647 1648
 1649 1650 1651 1652 1653 1654 1655 1656 1657 1658 1659 1660 1661 1662
 1663 1664 1665 1666 1667 1668 1669 1670 1671 1672 1673 1674 1675 1676
 1677 1678 1679 1680 1681 1682 1683 1684 1685 1686 1687 1688 1689 1690
 1691 1692 1693 1694 1695 1696 1697 1698 1699 1700 1701 1702 1703 1704
 1705 1706 1707 1708 1709 1710 1711 1712 1713 1714 1715 1716 1717 1718
 1719 1720 1721 1722 1723 1724 1725 1726 1727 1728 1729 1730 1731 1732
 1733 1734 1735 1736 1737 1738 1739 1740 1741 1742 1743 1744 1745 1746
 1747 1748 1749 1750 1751 1752 1753 1754 1755 1756 1757 1758 1759 1760
 1761 1762 1763 1764 1765 1766 1767 1768 1769 1770 1771 1772 1773 1774
 1775 1776 1777 1778 1779 1780 1781 1782 1783 1784 1785 1786 1787 1788
 1789 1790 1791 1792 1793 1794 1795 1796 1797 1798 1799 1800 1801 1802
 1803 1804 1805 1806 1807 1808 1809 1810 1811 1812 1813 1814 1815 1816
 1817 1818 1819 1820 1821 1822 1823 1824 1825 1826 1827 1828 1829 1830
 1831 1832 1833 1834 1835 1836 1837 1838 1839 1840 1841 1842 1843 1844
 1845 1846 1847 1848 1849 1850 1851 1852 1853 1854 1855 1856 1857 1858
 1859 1860 1861 1862 1863 1864 1865 1866 1867 1868 1869 1870 1871 1872
 1873 1874 1875 1876 1877 1878 1879 1880 1881 1882 1883 1884 1885 1886
 1887 1888 1889 1890 1891 1892 1893 1894 1895 1896 1897 1898 1899 1900
 1901 1902 1903 1904 1905 1906 1907 1908 1909 1910 1911 1912 1913 1914
 1915 1916 1917 1918 1919 1920 1921 1922 1923 1924 1925 1926 1927 1928
 1929 1930 1931 1932 1933 1934 1935 1936 1937 1938 1939 1940 1941 1942
 1943 1944 1945 1946 1947 1948 1949 1950 1951 1952 1953 1954 1955 1956
 1957 1958 1959 1960 1961 1962 1963 1964]
(406, 32, 32, 1)
(582, 32, 32, 1)
(57560, 32, 32, 1)
(57560, 2)
(58548, 32, 32, 1)
(58548, 2)
Epoch 1/30
 - 29s - loss: 0.5298 - acc: 0.7551 - val_loss: 0.7279 - val_acc: 0.4935
Epoch 2/30
 - 25s - loss: 0.4614 - acc: 0.8039 - val_loss: 0.6710 - val_acc: 0.5985
Epoch 3/30
 - 24s - loss: 0.4415 - acc: 0.8144 - val_loss: 0.7175 - val_acc: 0.5698
Epoch 4/30
 - 24s - loss: 0.4326 - acc: 0.8183 - val_loss: 0.6949 - val_acc: 0.5945
Epoch 5/30
 - 24s - loss: 0.4257 - acc: 0.8208 - val_loss: 0.6828 - val_acc: 0.6021
Epoch 6/30
 - 24s - loss: 0.4218 - acc: 0.8221 - val_loss: 0.7279 - val_acc: 0.5669
Epoch 7/30
 - 24s - loss: 0.4187 - acc: 0.8246 - val_loss: 0.7655 - val_acc: 0.5874
Epoch 8/30
 - 24s - loss: 0.4149 - acc: 0.8257 - val_loss: 0.7000 - val_acc: 0.6023
Epoch 9/30
 - 24s - loss: 0.4122 - acc: 0.8271 - val_loss: 0.7212 - val_acc: 0.5847
Epoch 10/30
 - 24s - loss: 0.4103 - acc: 0.8274 - val_loss: 0.8196 - val_acc: 0.5692
Epoch 11/30
 - 24s - loss: 0.4079 - acc: 0.8293 - val_loss: 0.7846 - val_acc: 0.5718
Epoch 12/30
 - 25s - loss: 0.4066 - acc: 0.8297 - val_loss: 0.7874 - val_acc: 0.5773
Epoch 13/30
 - 25s - loss: 0.4050 - acc: 0.8309 - val_loss: 0.8312 - val_acc: 0.5700
Epoch 14/30
 - 25s - loss: 0.4029 - acc: 0.8316 - val_loss: 0.8263 - val_acc: 0.5730
Epoch 15/30
 - 25s - loss: 0.4017 - acc: 0.8324 - val_loss: 0.7691 - val_acc: 0.5870
Epoch 16/30
 - 25s - loss: 0.3989 - acc: 0.8326 - val_loss: 0.8899 - val_acc: 0.5639
Epoch 17/30
 - 25s - loss: 0.3985 - acc: 0.8334 - val_loss: 0.8760 - val_acc: 0.5718
Epoch 18/30
 - 25s - loss: 0.3959 - acc: 0.8355 - val_loss: 0.8208 - val_acc: 0.5754
Epoch 19/30
 - 25s - loss: 0.3953 - acc: 0.8360 - val_loss: 0.8524 - val_acc: 0.5748
Epoch 20/30
 - 25s - loss: 0.3933 - acc: 0.8368 - val_loss: 0.8169 - val_acc: 0.5892
Epoch 21/30
 - 25s - loss: 0.3926 - acc: 0.8363 - val_loss: 0.8013 - val_acc: 0.5884
Epoch 22/30
 - 25s - loss: 0.3906 - acc: 0.8388 - val_loss: 0.9440 - val_acc: 0.5744
Epoch 23/30
 - 25s - loss: 0.3910 - acc: 0.8376 - val_loss: 0.9013 - val_acc: 0.5839
Epoch 24/30
 - 25s - loss: 0.3878 - acc: 0.8384 - val_loss: 0.9144 - val_acc: 0.5860
Epoch 25/30
 - 25s - loss: 0.3875 - acc: 0.8389 - val_loss: 0.8503 - val_acc: 0.5941
Epoch 26/30
 - 25s - loss: 0.3854 - acc: 0.8407 - val_loss: 0.8521 - val_acc: 0.5850
Epoch 27/30
 - 25s - loss: 0.3845 - acc: 0.8407 - val_loss: 0.9818 - val_acc: 0.5868
Epoch 28/30
 - 25s - loss: 0.3842 - acc: 0.8415 - val_loss: 0.9278 - val_acc: 0.5892
Epoch 29/30
 - 25s - loss: 0.3828 - acc: 0.8423 - val_loss: 0.8861 - val_acc: 0.5951
Epoch 30/30
 - 25s - loss: 0.3818 - acc: 0.8409 - val_loss: 0.9675 - val_acc: 0.5951
(4944,)
(4944,)
Mean accuracy score:  0.5950647249190939
F1 score: 0.6303545051698671
Recall: 0.8396458435809149
Precision: 0.5045817321903636

 clasification report:
              precision    recall  f1-score   support

          0       0.79      0.42      0.55      2911
          1       0.50      0.84      0.63      2033

avg / total       0.67      0.60      0.58      4944


 confusion matrix:
 [[1235 1676]
 [ 326 1707]]
